<?xml version="1.0" encoding="UTF-8"?>
<testsuite name="ticket.booking.AppTest" tests="1" skipped="0" failures="0" errors="0" timestamp="2025-04-20T20:38:44" hostname="PRASOONV01" time="0.002">
  <properties/>
  <testcase name="appHasAGreeting" classname="ticket.booking.AppTest" time="0.002"/>
  <system-out><![CDATA[]]></system-out>
  <system-err><![CDATA[]]></system-err>
</testsuite>
